<?xml version="1.0" encoding="UTF-8"?>
<!-- Generated by org.testng.reporters.JUnitReportReporter -->
<testsuite hostname="Raghu" failures="0" tests="5" name="com.qa.TestLayer.LoginPageTest" time="38.061" errors="0" timestamp="2023-04-28T16:53:37 BST" skipped="0">
  <testcase classname="com.qa.TestLayer.LoginPageTest" name="verifyLoginPageTitle" time="0.027"/>
  <system-out/>
  <testcase classname="com.qa.TestLayer.LoginPageTest" name="verifyLoginPageURL" time="0.016"/>
  <system-out/>
  <testcase classname="com.qa.TestLayer.LoginPageTest" name="verifyForgotLink" time="0.110"/>
  <system-out/>
  <testcase classname="com.qa.TestLayer.LoginPageTest" name="verifyRegisterLink" time="0.077"/>
  <system-out/>
  <testcase classname="com.qa.TestLayer.LoginPageTest" name="verifydoLogin" time="37.831"/>
  <system-out/>
</testsuite> <!-- com.qa.TestLayer.LoginPageTest -->
