<?xml version="1.0" encoding="UTF-8"?>
<!-- Generated by org.testng.reporters.JUnitReportReporter -->
<testsuite hostname="Raghu" failures="0" tests="5" name="com.qa.TestLayer.LoginPageTest" time="37.398" errors="0" timestamp="2023-04-15T17:56:49 BST" skipped="0">
  <testcase classname="com.qa.TestLayer.LoginPageTest" name="verifyLoginPageTitle" time="0.015"/>
  <system-out/>
  <testcase classname="com.qa.TestLayer.LoginPageTest" name="verifyLoginPageURL" time="0.007"/>
  <system-out/>
  <testcase classname="com.qa.TestLayer.LoginPageTest" name="verifyForgotLink" time="0.070"/>
  <system-out/>
  <testcase classname="com.qa.TestLayer.LoginPageTest" name="verifyRegisterLink" time="0.040"/>
  <system-out/>
  <testcase classname="com.qa.TestLayer.LoginPageTest" name="verifydoLogin" time="37.266"/>
  <system-out/>
</testsuite> <!-- com.qa.TestLayer.LoginPageTest -->
